<html>
<head>
<title>TestNG:  Test</title>
<link href="../testng.css" rel="stylesheet" type="text/css" />
<link href="../my-testng.css" rel="stylesheet" type="text/css" />

<style type="text/css">
.log { display: none;} 
.stack-trace { display: none;} 
</style>
<script type="text/javascript">
<!--
function flip(e) {
  current = e.style.display;
  if (current == 'block') {
    e.style.display = 'none';
    return 0;
  }
  else {
    e.style.display = 'block';
    return 1;
  }
}

function toggleBox(szDivId, elem, msg1, msg2)
{
  var res = -1;  if (document.getElementById) {
    res = flip(document.getElementById(szDivId));
  }
  else if (document.all) {
    // this is the way old msie versions work
    res = flip(document.all[szDivId]);
  }
  if(elem) {
    if(res == 0) elem.innerHTML = msg1; else elem.innerHTML = msg2;
  }

}

function toggleAllBoxes() {
  if (document.getElementsByTagName) {
    d = document.getElementsByTagName('div');
    for (i = 0; i < d.length; i++) {
      if (d[i].className == 'log') {
        flip(d[i]);
      }
    }
  }
}

// -->
</script>

</head>
<body>
<h2 align='center'>Test</h2><table border='1' align="center">
<tr>
<td>Tests passed/Failed/Skipped:</td><td>18/3/0</td>
</tr><tr>
<td>Started on:</td><td>Sun Oct 14 23:48:32 IST 2018</td>
</tr>
<tr><td>Total time:</td><td>205 seconds (205565 ms)</td>
</tr><tr>
<td>Included groups:</td><td></td>
</tr><tr>
<td>Excluded groups:</td><td></td>
</tr>
</table><p/>
<small><i>(Hover the method name to see the test class name)</i></small><p/>
<table width='100%' border='1' class='invocation-failed'>
<tr><td colspan='4' align='center'><b>FAILED TESTS</b></td></tr>
<tr><td><b>Test method</b></td>
<td width="30%"><b>Exception</b></td>
<td width="10%"><b>Time (seconds)</b></td>
<td><b>Instance</b></td>
</tr>
<tr>
<td title='com.jbk.TestCases.AddUserPageTest.verifyAddUserForm()'><b>verifyAddUserForm</b><br>Test class: com.jbk.TestCases.AddUserPageTest<br>Test method: Validate Add User Form<br>Parameters: Username, Mobile, Email, Gender, State, Password</td>
<td><div><pre>org.openqa.selenium.NoSuchElementException: Cannot locate element with text: State
For documentation on this error, please visit: http://seleniumhq.org/exceptions/no_such_element.html
Build info: version: &apos;3.8.0&apos;, revision: &apos;924c4067df&apos;, time: &apos;2017-11-30T11:20:39.408Z&apos;
System info: host: &apos;DESKTOP-E4PH7S5&apos;, ip: &apos;192.168.0.101&apos;, os.name: &apos;Windows 10&apos;, os.arch: &apos;amd64&apos;, os.version: &apos;10.0&apos;, java.version: &apos;1.8.0_144&apos;
Driver info: driver.version: unknown
	at org.openqa.selenium.support.ui.Select.selectByVisibleText(Select.java:151)
	at com.jbk.Pages.AddUserPage.addNewUserTest(AddUserPage.java:106)
	at com.jbk.TestCases.AddUserPageTest.verifyAddUserForm(AddUserPageTest.java:77)
	at java.util.concurrent.FutureTask.run(Unknown Source)
	at java.util.concurrent.ThreadPoolExecutor.runWorker(Unknown Source)
	at java.util.concurrent.ThreadPoolExecutor$Worker.run(Unknown Source)
	at java.lang.Thread.run(Unknown Source)
... Removed 16 stack frames</pre></div><a href='#' onClick='toggleBox("stack-trace1620683487", this, "Click to show all stack frames", "Click to hide stack frames")'>Click to show all stack frames</a>
<div class='stack-trace' id='stack-trace1620683487'><pre>org.openqa.selenium.NoSuchElementException: Cannot locate element with text: State
For documentation on this error, please visit: http://seleniumhq.org/exceptions/no_such_element.html
Build info: version: &apos;3.8.0&apos;, revision: &apos;924c4067df&apos;, time: &apos;2017-11-30T11:20:39.408Z&apos;
System info: host: &apos;DESKTOP-E4PH7S5&apos;, ip: &apos;192.168.0.101&apos;, os.name: &apos;Windows 10&apos;, os.arch: &apos;amd64&apos;, os.version: &apos;10.0&apos;, java.version: &apos;1.8.0_144&apos;
Driver info: driver.version: unknown
	at org.openqa.selenium.support.ui.Select.selectByVisibleText(Select.java:151)
	at com.jbk.Pages.AddUserPage.addNewUserTest(AddUserPage.java:106)
	at com.jbk.TestCases.AddUserPageTest.verifyAddUserForm(AddUserPageTest.java:77)
	at sun.reflect.NativeMethodAccessorImpl.invoke0(Native Method)
	at sun.reflect.NativeMethodAccessorImpl.invoke(Unknown Source)
	at sun.reflect.DelegatingMethodAccessorImpl.invoke(Unknown Source)
	at java.lang.reflect.Method.invoke(Unknown Source)
	at org.testng.internal.MethodInvocationHelper.invokeMethod(MethodInvocationHelper.java:104)
	at org.testng.internal.Invoker.invokeMethod(Invoker.java:645)
	at org.testng.internal.Invoker.invokeTestMethod(Invoker.java:851)
	at org.testng.internal.Invoker.invokeTestMethods(Invoker.java:1177)
	at org.testng.internal.TestMethodWorker.invokeTestMethods(TestMethodWorker.java:129)
	at org.testng.internal.TestMethodWorker.run(TestMethodWorker.java:112)
	at org.testng.TestRunner.privateRun(TestRunner.java:756)
	at org.testng.TestRunner.run(TestRunner.java:610)
	at org.testng.SuiteRunner.runTest(SuiteRunner.java:387)
	at org.testng.SuiteRunner.access$000(SuiteRunner.java:39)
	at org.testng.SuiteRunner$SuiteWorker.run(SuiteRunner.java:421)
	at org.testng.internal.thread.ThreadUtil$2.call(ThreadUtil.java:64)
	at java.util.concurrent.FutureTask.run(Unknown Source)
	at java.util.concurrent.ThreadPoolExecutor.runWorker(Unknown Source)
	at java.util.concurrent.ThreadPoolExecutor$Worker.run(Unknown Source)
	at java.lang.Thread.run(Unknown Source)
</pre></div></td>
<td>10</td>
<td>com.jbk.TestCases.AddUserPageTest@10bdf5e5</td></tr>
<tr>
<td title='com.jbk.TestCases.AddUserPageTest.verifyAddUserPageLabel()'><b>verifyAddUserPageLabel</b><br>Test class: com.jbk.TestCases.AddUserPageTest<br>Test method: Validate Add User Page Label</td>
<td><div><pre>java.lang.AssertionError: expected [Add User] but found [Add Userv]
	at com.jbk.TestCases.AddUserPageTest.verifyAddUserPageLabel(AddUserPageTest.java:53)
	at java.util.concurrent.FutureTask.run(Unknown Source)
	at java.util.concurrent.ThreadPoolExecutor.runWorker(Unknown Source)
	at java.util.concurrent.ThreadPoolExecutor$Worker.run(Unknown Source)
	at java.lang.Thread.run(Unknown Source)
... Removed 22 stack frames</pre></div><a href='#' onClick='toggleBox("stack-trace939056537", this, "Click to show all stack frames", "Click to hide stack frames")'>Click to show all stack frames</a>
<div class='stack-trace' id='stack-trace939056537'><pre>java.lang.AssertionError: expected [Add User] but found [Add Userv]
	at org.testng.Assert.fail(Assert.java:94)
	at org.testng.Assert.failNotEquals(Assert.java:513)
	at org.testng.Assert.assertEqualsImpl(Assert.java:135)
	at org.testng.Assert.assertEquals(Assert.java:116)
	at org.testng.Assert.assertEquals(Assert.java:190)
	at org.testng.Assert.assertEquals(Assert.java:200)
	at com.jbk.TestCases.AddUserPageTest.verifyAddUserPageLabel(AddUserPageTest.java:53)
	at sun.reflect.NativeMethodAccessorImpl.invoke0(Native Method)
	at sun.reflect.NativeMethodAccessorImpl.invoke(Unknown Source)
	at sun.reflect.DelegatingMethodAccessorImpl.invoke(Unknown Source)
	at java.lang.reflect.Method.invoke(Unknown Source)
	at org.testng.internal.MethodInvocationHelper.invokeMethod(MethodInvocationHelper.java:104)
	at org.testng.internal.Invoker.invokeMethod(Invoker.java:645)
	at org.testng.internal.Invoker.invokeTestMethod(Invoker.java:851)
	at org.testng.internal.Invoker.invokeTestMethods(Invoker.java:1177)
	at org.testng.internal.TestMethodWorker.invokeTestMethods(TestMethodWorker.java:129)
	at org.testng.internal.TestMethodWorker.run(TestMethodWorker.java:112)
	at org.testng.TestRunner.privateRun(TestRunner.java:756)
	at org.testng.TestRunner.run(TestRunner.java:610)
	at org.testng.SuiteRunner.runTest(SuiteRunner.java:387)
	at org.testng.SuiteRunner.access$000(SuiteRunner.java:39)
	at org.testng.SuiteRunner$SuiteWorker.run(SuiteRunner.java:421)
	at org.testng.internal.thread.ThreadUtil$2.call(ThreadUtil.java:64)
	at java.util.concurrent.FutureTask.run(Unknown Source)
	at java.util.concurrent.ThreadPoolExecutor.runWorker(Unknown Source)
	at java.util.concurrent.ThreadPoolExecutor$Worker.run(Unknown Source)
	at java.lang.Thread.run(Unknown Source)
</pre></div></td>
<td>0</td>
<td>com.jbk.TestCases.AddUserPageTest@10bdf5e5</td></tr>
<tr>
<td title='com.jbk.TestCases.OperatorPageTest.verifyOperatorTableHeading()'><b>verifyOperatorTableHeading</b><br>Test class: com.jbk.TestCases.OperatorPageTest<br>Test method: Validate Operator Page Table Headings</td>
<td><div><pre>java.lang.AssertionError: expected [Operator] but found [Reason]
	at com.jbk.TestCases.OperatorPageTest.verifyOperatorTableHeading(OperatorPageTest.java:60)
	at java.util.concurrent.FutureTask.run(Unknown Source)
	at java.util.concurrent.ThreadPoolExecutor.runWorker(Unknown Source)
	at java.util.concurrent.ThreadPoolExecutor$Worker.run(Unknown Source)
	at java.lang.Thread.run(Unknown Source)
... Removed 22 stack frames</pre></div><a href='#' onClick='toggleBox("stack-trace1871196829", this, "Click to show all stack frames", "Click to hide stack frames")'>Click to show all stack frames</a>
<div class='stack-trace' id='stack-trace1871196829'><pre>java.lang.AssertionError: expected [Operator] but found [Reason]
	at org.testng.Assert.fail(Assert.java:94)
	at org.testng.Assert.failNotEquals(Assert.java:513)
	at org.testng.Assert.assertEqualsImpl(Assert.java:135)
	at org.testng.Assert.assertEquals(Assert.java:116)
	at org.testng.Assert.assertEquals(Assert.java:190)
	at org.testng.Assert.assertEquals(Assert.java:200)
	at com.jbk.TestCases.OperatorPageTest.verifyOperatorTableHeading(OperatorPageTest.java:60)
	at sun.reflect.NativeMethodAccessorImpl.invoke0(Native Method)
	at sun.reflect.NativeMethodAccessorImpl.invoke(Unknown Source)
	at sun.reflect.DelegatingMethodAccessorImpl.invoke(Unknown Source)
	at java.lang.reflect.Method.invoke(Unknown Source)
	at org.testng.internal.MethodInvocationHelper.invokeMethod(MethodInvocationHelper.java:104)
	at org.testng.internal.Invoker.invokeMethod(Invoker.java:645)
	at org.testng.internal.Invoker.invokeTestMethod(Invoker.java:851)
	at org.testng.internal.Invoker.invokeTestMethods(Invoker.java:1177)
	at org.testng.internal.TestMethodWorker.invokeTestMethods(TestMethodWorker.java:129)
	at org.testng.internal.TestMethodWorker.run(TestMethodWorker.java:112)
	at org.testng.TestRunner.privateRun(TestRunner.java:756)
	at org.testng.TestRunner.run(TestRunner.java:610)
	at org.testng.SuiteRunner.runTest(SuiteRunner.java:387)
	at org.testng.SuiteRunner.access$000(SuiteRunner.java:39)
	at org.testng.SuiteRunner$SuiteWorker.run(SuiteRunner.java:421)
	at org.testng.internal.thread.ThreadUtil$2.call(ThreadUtil.java:64)
	at java.util.concurrent.FutureTask.run(Unknown Source)
	at java.util.concurrent.ThreadPoolExecutor.runWorker(Unknown Source)
	at java.util.concurrent.ThreadPoolExecutor$Worker.run(Unknown Source)
	at java.lang.Thread.run(Unknown Source)
</pre></div></td>
<td>0</td>
<td>com.jbk.TestCases.OperatorPageTest@dc24521</td></tr>
</table><p>
<table width='100%' border='1' class='invocation-passed'>
<tr><td colspan='4' align='center'><b>PASSED TESTS</b></td></tr>
<tr><td><b>Test method</b></td>
<td width="30%"><b>Exception</b></td>
<td width="10%"><b>Time (seconds)</b></td>
<td><b>Instance</b></td>
</tr>
<tr>
<td title='com.jbk.TestCases.AddUserPageTest.verifyAddUserForm()'><b>verifyAddUserForm</b><br>Test class: com.jbk.TestCases.AddUserPageTest<br>Test method: Validate Add User Form<br>Parameters: Rajesh, 9975742251, rajesh@gmail.com, Male, HP, rajesh12345</td>
<td></td>
<td>1</td>
<td>com.jbk.TestCases.AddUserPageTest@10bdf5e5</td></tr>
<tr>
<td title='com.jbk.TestCases.AddUserPageTest.verifyAddUserForm()'><b>verifyAddUserForm</b><br>Test class: com.jbk.TestCases.AddUserPageTest<br>Test method: Validate Add User Form<br>Parameters: John, 8799444477, john@gmail.com, Male, Maharashtra, john456</td>
<td></td>
<td>1</td>
<td>com.jbk.TestCases.AddUserPageTest@10bdf5e5</td></tr>
<tr>
<td title='com.jbk.TestCases.AddUserPageTest.verifyAddUserPageFormLables()'><b>verifyAddUserPageFormLables</b><br>Test class: com.jbk.TestCases.AddUserPageTest<br>Test method: Validate Add User Form Labels</td>
<td></td>
<td>0</td>
<td>com.jbk.TestCases.AddUserPageTest@10bdf5e5</td></tr>
<tr>
<td title='com.jbk.TestCases.AddUserPageTest.verifyAddUserPageTitle()'><b>verifyAddUserPageTitle</b><br>Test class: com.jbk.TestCases.AddUserPageTest<br>Test method: Validate Add User Page Title</td>
<td></td>
<td>0</td>
<td>com.jbk.TestCases.AddUserPageTest@10bdf5e5</td></tr>
<tr>
<td title='com.jbk.TestCases.DashboardPageTest.verifyDashboardPageLabel()'><b>verifyDashboardPageLabel</b><br>Test class: com.jbk.TestCases.DashboardPageTest<br>Test method: Validate Dashboard Page Label</td>
<td></td>
<td>0</td>
<td>com.jbk.TestCases.DashboardPageTest@55d56113</td></tr>
<tr>
<td title='com.jbk.TestCases.DashboardPageTest.verifyDashboardPageTitle()'><b>verifyDashboardPageTitle</b><br>Test class: com.jbk.TestCases.DashboardPageTest<br>Test method: Validate Dashboard Page Title</td>
<td></td>
<td>0</td>
<td>com.jbk.TestCases.DashboardPageTest@55d56113</td></tr>
<tr>
<td title='com.jbk.TestCases.DashboardPageTest.verifyLoggedUser()'><b>verifyLoggedUser</b><br>Test class: com.jbk.TestCases.DashboardPageTest<br>Test method: Validate Logged User</td>
<td></td>
<td>0</td>
<td>com.jbk.TestCases.DashboardPageTest@55d56113</td></tr>
<tr>
<td title='com.jbk.TestCases.LoginPageTest.verifyLogin()'><b>verifyLogin</b><br>Test class: com.jbk.TestCases.LoginPageTest<br>Test method: Validate Login</td>
<td></td>
<td>1</td>
<td>com.jbk.TestCases.LoginPageTest@6e1ec318</td></tr>
<tr>
<td title='com.jbk.TestCases.UserPageTest.verifyLoginPageBtn()'><b>verifyLoginPageBtn</b><br>Test class: com.jbk.TestCases.UserPageTest<br>Test method: Validate Add User Page Button</td>
<td></td>
<td>0</td>
<td>com.jbk.TestCases.UserPageTest@148080bb</td></tr>
<tr>
<td title='com.jbk.TestCases.LoginPageTest.verifyLoginPageHeading()'><b>verifyLoginPageHeading</b><br>Test class: com.jbk.TestCases.LoginPageTest<br>Test method: Validate Login Page Heading</td>
<td></td>
<td>0</td>
<td>com.jbk.TestCases.LoginPageTest@6e1ec318</td></tr>
<tr>
<td title='com.jbk.TestCases.LoginPageTest.verifyLoginPageTitle()'><b>verifyLoginPageTitle</b><br>Test class: com.jbk.TestCases.LoginPageTest<br>Test method: Validate Login Page Title</td>
<td></td>
<td>0</td>
<td>com.jbk.TestCases.LoginPageTest@6e1ec318</td></tr>
<tr>
<td title='com.jbk.TestCases.DashboardPageTest.verifyLogoutLink()'><b>verifyLogoutLink</b><br>Test class: com.jbk.TestCases.DashboardPageTest<br>Test method: Validate operator link</td>
<td></td>
<td>0</td>
<td>com.jbk.TestCases.DashboardPageTest@55d56113</td></tr>
<tr>
<td title='com.jbk.TestCases.OperatorPageTest.verifyOperatorPageLabel()'><b>verifyOperatorPageLabel</b><br>Test class: com.jbk.TestCases.OperatorPageTest<br>Test method: Validate Operator Page Label</td>
<td></td>
<td>0</td>
<td>com.jbk.TestCases.OperatorPageTest@dc24521</td></tr>
<tr>
<td title='com.jbk.TestCases.OperatorPageTest.verifyOperatorPageTableLabel()'><b>verifyOperatorPageTableLabel</b><br>Test class: com.jbk.TestCases.OperatorPageTest<br>Test method: Validate Operator Page Table Label</td>
<td></td>
<td>0</td>
<td>com.jbk.TestCases.OperatorPageTest@dc24521</td></tr>
<tr>
<td title='com.jbk.TestCases.OperatorPageTest.verifyOperatorPageTitle()'><b>verifyOperatorPageTitle</b><br>Test class: com.jbk.TestCases.OperatorPageTest<br>Test method: Validate Operator Page Title</td>
<td></td>
<td>0</td>
<td>com.jbk.TestCases.OperatorPageTest@dc24521</td></tr>
<tr>
<td title='com.jbk.TestCases.DashboardPageTest.verifyUserLink()'><b>verifyUserLink</b><br>Test class: com.jbk.TestCases.DashboardPageTest<br>Test method: Validate user link</td>
<td></td>
<td>0</td>
<td>com.jbk.TestCases.DashboardPageTest@55d56113</td></tr>
<tr>
<td title='com.jbk.TestCases.UserPageTest.verifyUserPageLabel()'><b>verifyUserPageLabel</b><br>Test class: com.jbk.TestCases.UserPageTest<br>Test method: Validate User Page Label</td>
<td></td>
<td>0</td>
<td>com.jbk.TestCases.UserPageTest@148080bb</td></tr>
<tr>
<td title='com.jbk.TestCases.UserPageTest.verifyUserPageTitle()'><b>verifyUserPageTitle</b><br>Test class: com.jbk.TestCases.UserPageTest<br>Test method: Validate User Page Title</td>
<td></td>
<td>0</td>
<td>com.jbk.TestCases.UserPageTest@148080bb</td></tr>
</table><p>
</body>
</html>