<?xml version="1.0" encoding="UTF-8"?>
<!-- Generated by org.testng.reporters.JUnitXMLReporter -->
<testsuite hostname="DESKTOP-E4PH7S5" ignored="0" name="Command line test" tests="21" failures="3" timestamp="18 Oct 2018 11:47:46 GMT" time="338.044" errors="0">
  <testcase name="verifyAddUserPageTitle" time="0.016" classname="com.jbk.TestCases.AddUserPageTest"/>
  <testcase name="verifyDashboardPageTitle" time="0.026" classname="com.jbk.TestCases.DashboardPageTest"/>
  <testcase name="verifyLogin" time="3.632" classname="com.jbk.TestCases.LoginPageTest"/>
  <testcase name="verifyOperatorPageTitle" time="0.022" classname="com.jbk.TestCases.OperatorPageTest"/>
  <testcase name="verifyUserPageTitle" time="0.017" classname="com.jbk.TestCases.UserPageTest"/>
  <testcase name="verifyAddUserPageLabel" time="0.158" classname="com.jbk.TestCases.AddUserPageTest">
    <failure type="java.lang.AssertionError" message="expected [Add User] but found [Add Userv]">
      <![CDATA[java.lang.AssertionError: expected [Add User] but found [Add Userv]
	at com.jbk.TestCases.AddUserPageTest.verifyAddUserPageLabel(AddUserPageTest.java:53)
... Removed 41 stack frames]]>
    </failure>
  </testcase> <!-- verifyAddUserPageLabel -->
  <testcase name="verifyDashboardPageLabel" time="0.082" classname="com.jbk.TestCases.DashboardPageTest"/>
  <testcase name="verifyLoginPageTitle" time="0.032" classname="com.jbk.TestCases.LoginPageTest"/>
  <testcase name="verifyOperatorPageLabel" time="0.088" classname="com.jbk.TestCases.OperatorPageTest"/>
  <testcase name="verifyUserPageLabel" time="0.17" classname="com.jbk.TestCases.UserPageTest"/>
  <testcase name="verifyAddUserPageFormLables" time="0.585" classname="com.jbk.TestCases.AddUserPageTest"/>
  <testcase name="verifyLoggedUser" time="0.077" classname="com.jbk.TestCases.DashboardPageTest"/>
  <testcase name="verifyLoginPageHeading" time="0.134" classname="com.jbk.TestCases.LoginPageTest"/>
  <testcase name="verifyOperatorPageTableLabel" time="0.092" classname="com.jbk.TestCases.OperatorPageTest"/>
  <testcase name="verifyLoginPageBtn" time="0.863" classname="com.jbk.TestCases.UserPageTest"/>
  <testcase name="verifyAddUserForm" time="11.029" classname="com.jbk.TestCases.AddUserPageTest">
    <failure type="org.openqa.selenium.NoSuchElementException" message="Cannot locate element with text: State
For documentation on this error, please visit: http://seleniumhq.org/exceptions/no_such_element.html
Build info: version: &amp;apos;3.8.0&amp;apos;, revision: &amp;apos;924c4067df&amp;apos;, time: &amp;apos;2017-11-30T11:20:39.408Z&amp;apos;
System info: host: &amp;apos;DESKTOP-E4PH7S5&amp;apos;, ip: &amp;apos;192.168.0.115&amp;apos;, os.name: &amp;apos;Windows 10&amp;apos;, os.arch: &amp;apos;amd64&amp;apos;, os.version: &amp;apos;10.0&amp;apos;, java.version: &amp;apos;1.8.0_144&amp;apos;
Driver info: driver.version: unknown">
      <![CDATA[org.openqa.selenium.NoSuchElementException: Cannot locate element with text: State
For documentation on this error, please visit: http://seleniumhq.org/exceptions/no_such_element.html
Build info: version: '3.8.0', revision: '924c4067df', time: '2017-11-30T11:20:39.408Z'
System info: host: 'DESKTOP-E4PH7S5', ip: '192.168.0.115', os.name: 'Windows 10', os.arch: 'amd64', os.version: '10.0', java.version: '1.8.0_144'
Driver info: driver.version: unknown
	at org.openqa.selenium.support.ui.Select.selectByVisibleText(Select.java:151)
	at com.jbk.Pages.AddUserPage.addNewUserTest(AddUserPage.java:106)
	at com.jbk.TestCases.AddUserPageTest.verifyAddUserForm(AddUserPageTest.java:77)
... Removed 35 stack frames]]>
    </failure>
  </testcase> <!-- verifyAddUserForm -->
  <testcase name="verifyAddUserForm" time="1.902" classname="com.jbk.TestCases.AddUserPageTest"/>
  <testcase name="verifyAddUserForm" time="1.715" classname="com.jbk.TestCases.AddUserPageTest"/>
  <testcase name="verifyOperatorTableHeading" time="0.199" classname="com.jbk.TestCases.OperatorPageTest">
    <failure type="java.lang.AssertionError" message="expected [Operator] but found [Reason]">
      <![CDATA[java.lang.AssertionError: expected [Operator] but found [Reason]
	at com.jbk.TestCases.OperatorPageTest.verifyOperatorTableHeading(OperatorPageTest.java:60)
... Removed 41 stack frames]]>
    </failure>
  </testcase> <!-- verifyOperatorTableHeading -->
  <testcase name="verifyUserLink" time="0.684" classname="com.jbk.TestCases.DashboardPageTest"/>
  <testcase name="verifyLogoutLink" time="0.436" classname="com.jbk.TestCases.DashboardPageTest"/>
</testsuite> <!-- Command line test -->
