<?xml version="1.0" encoding="UTF-8"?>
<testng-results skipped="0" failed="3" ignored="0" total="21" passed="18">
  <reporter-output>
  </reporter-output>
  <suite name="Command line suite" duration-ms="338044" started-at="2018-10-18T11:42:07Z" finished-at="2018-10-18T11:47:45Z">
    <groups>
      <group name="Regression">
        <method signature="AddUserPageTest.verifyAddUserForm(java.lang.String, java.lang.String, java.lang.String, java.lang.String, java.lang.String, java.lang.String)[pri:4, instance:com.jbk.TestCases.AddUserPageTest@4439f31e]" name="verifyAddUserForm" class="com.jbk.TestCases.AddUserPageTest"/>
        <method signature="AddUserPageTest.verifyAddUserPageFormLables()[pri:3, instance:com.jbk.TestCases.AddUserPageTest@4439f31e]" name="verifyAddUserPageFormLables" class="com.jbk.TestCases.AddUserPageTest"/>
        <method signature="AddUserPageTest.verifyAddUserPageLabel()[pri:2, instance:com.jbk.TestCases.AddUserPageTest@4439f31e]" name="verifyAddUserPageLabel" class="com.jbk.TestCases.AddUserPageTest"/>
        <method signature="AddUserPageTest.verifyAddUserPageTitle()[pri:1, instance:com.jbk.TestCases.AddUserPageTest@4439f31e]" name="verifyAddUserPageTitle" class="com.jbk.TestCases.AddUserPageTest"/>
        <method signature="DashboardPageTest.verifyDashboardPageLabel()[pri:2, instance:com.jbk.TestCases.DashboardPageTest@5dfcfece]" name="verifyDashboardPageLabel" class="com.jbk.TestCases.DashboardPageTest"/>
        <method signature="DashboardPageTest.verifyDashboardPageTitle()[pri:1, instance:com.jbk.TestCases.DashboardPageTest@5dfcfece]" name="verifyDashboardPageTitle" class="com.jbk.TestCases.DashboardPageTest"/>
        <method signature="DashboardPageTest.verifyLoggedUser()[pri:3, instance:com.jbk.TestCases.DashboardPageTest@5dfcfece]" name="verifyLoggedUser" class="com.jbk.TestCases.DashboardPageTest"/>
        <method signature="DashboardPageTest.verifyLogoutLink()[pri:5, instance:com.jbk.TestCases.DashboardPageTest@5dfcfece]" name="verifyLogoutLink" class="com.jbk.TestCases.DashboardPageTest"/>
        <method signature="DashboardPageTest.verifyUserLink()[pri:4, instance:com.jbk.TestCases.DashboardPageTest@5dfcfece]" name="verifyUserLink" class="com.jbk.TestCases.DashboardPageTest"/>
        <method signature="LoginPageTest.verifyLogin()[pri:1, instance:com.jbk.TestCases.LoginPageTest@23ceabc1]" name="verifyLogin" class="com.jbk.TestCases.LoginPageTest"/>
        <method signature="LoginPageTest.verifyLoginPageHeading()[pri:3, instance:com.jbk.TestCases.LoginPageTest@23ceabc1]" name="verifyLoginPageHeading" class="com.jbk.TestCases.LoginPageTest"/>
        <method signature="LoginPageTest.verifyLoginPageTitle()[pri:2, instance:com.jbk.TestCases.LoginPageTest@23ceabc1]" name="verifyLoginPageTitle" class="com.jbk.TestCases.LoginPageTest"/>
        <method signature="OperatorPageTest.verifyOperatorPageLabel()[pri:2, instance:com.jbk.TestCases.OperatorPageTest@5d5eef3d]" name="verifyOperatorPageLabel" class="com.jbk.TestCases.OperatorPageTest"/>
        <method signature="OperatorPageTest.verifyOperatorPageTableLabel()[pri:3, instance:com.jbk.TestCases.OperatorPageTest@5d5eef3d]" name="verifyOperatorPageTableLabel" class="com.jbk.TestCases.OperatorPageTest"/>
        <method signature="OperatorPageTest.verifyOperatorPageTitle()[pri:1, instance:com.jbk.TestCases.OperatorPageTest@5d5eef3d]" name="verifyOperatorPageTitle" class="com.jbk.TestCases.OperatorPageTest"/>
        <method signature="OperatorPageTest.verifyOperatorTableHeading()[pri:4, instance:com.jbk.TestCases.OperatorPageTest@5d5eef3d]" name="verifyOperatorTableHeading" class="com.jbk.TestCases.OperatorPageTest"/>
        <method signature="UserPageTest.verifyLoginPageBtn()[pri:3, instance:com.jbk.TestCases.UserPageTest@56f4468b]" name="verifyLoginPageBtn" class="com.jbk.TestCases.UserPageTest"/>
        <method signature="UserPageTest.verifyUserPageLabel()[pri:2, instance:com.jbk.TestCases.UserPageTest@56f4468b]" name="verifyUserPageLabel" class="com.jbk.TestCases.UserPageTest"/>
        <method signature="UserPageTest.verifyUserPageTitle()[pri:1, instance:com.jbk.TestCases.UserPageTest@56f4468b]" name="verifyUserPageTitle" class="com.jbk.TestCases.UserPageTest"/>
      </group> <!-- Regression -->
    </groups>
    <test name="Command line test" duration-ms="338044" started-at="2018-10-18T11:42:07Z" finished-at="2018-10-18T11:47:45Z">
      <class name="com.jbk.TestCases.LoginPageTest">
        <test-method status="PASS" signature="loginSetup()[pri:0, instance:com.jbk.TestCases.LoginPageTest@23ceabc1]" name="loginSetup" is-config="true" duration-ms="7255" started-at="2018-10-18T17:12:50Z" finished-at="2018-10-18T17:12:57Z">
          <reporter-output>
          </reporter-output>
        </test-method> <!-- loginSetup -->
        <test-method status="PASS" signature="verifyLogin()[pri:1, instance:com.jbk.TestCases.LoginPageTest@23ceabc1]" name="verifyLogin" duration-ms="3632" started-at="2018-10-18T17:12:57Z" description="Validate Login" finished-at="2018-10-18T17:13:00Z">
          <reporter-output>
          </reporter-output>
        </test-method> <!-- verifyLogin -->
        <test-method status="PASS" signature="shutDown()[pri:0, instance:com.jbk.TestCases.LoginPageTest@23ceabc1]" name="shutDown" is-config="true" duration-ms="929" started-at="2018-10-18T17:13:00Z" finished-at="2018-10-18T17:13:01Z">
          <reporter-output>
          </reporter-output>
        </test-method> <!-- shutDown -->
        <test-method status="PASS" signature="loginSetup()[pri:0, instance:com.jbk.TestCases.LoginPageTest@23ceabc1]" name="loginSetup" is-config="true" duration-ms="7796" started-at="2018-10-18T17:13:55Z" finished-at="2018-10-18T17:14:03Z">
          <reporter-output>
          </reporter-output>
        </test-method> <!-- loginSetup -->
        <test-method status="PASS" signature="verifyLoginPageTitle()[pri:2, instance:com.jbk.TestCases.LoginPageTest@23ceabc1]" name="verifyLoginPageTitle" duration-ms="32" started-at="2018-10-18T17:14:03Z" description="Validate Login Page Title" finished-at="2018-10-18T17:14:03Z">
          <reporter-output>
          </reporter-output>
        </test-method> <!-- verifyLoginPageTitle -->
        <test-method status="PASS" signature="shutDown()[pri:0, instance:com.jbk.TestCases.LoginPageTest@23ceabc1]" name="shutDown" is-config="true" duration-ms="1695" started-at="2018-10-18T17:14:03Z" finished-at="2018-10-18T17:14:04Z">
          <reporter-output>
          </reporter-output>
        </test-method> <!-- shutDown -->
        <test-method status="PASS" signature="loginSetup()[pri:0, instance:com.jbk.TestCases.LoginPageTest@23ceabc1]" name="loginSetup" is-config="true" duration-ms="6222" started-at="2018-10-18T17:15:28Z" finished-at="2018-10-18T17:15:35Z">
          <reporter-output>
          </reporter-output>
        </test-method> <!-- loginSetup -->
        <test-method status="PASS" signature="verifyLoginPageHeading()[pri:3, instance:com.jbk.TestCases.LoginPageTest@23ceabc1]" name="verifyLoginPageHeading" duration-ms="134" started-at="2018-10-18T17:15:35Z" description="Validate Login Page Heading" finished-at="2018-10-18T17:15:35Z">
          <reporter-output>
          </reporter-output>
        </test-method> <!-- verifyLoginPageHeading -->
        <test-method status="PASS" signature="shutDown()[pri:0, instance:com.jbk.TestCases.LoginPageTest@23ceabc1]" name="shutDown" is-config="true" duration-ms="1070" started-at="2018-10-18T17:15:35Z" finished-at="2018-10-18T17:15:36Z">
          <reporter-output>
          </reporter-output>
        </test-method> <!-- shutDown -->
      </class> <!-- com.jbk.TestCases.LoginPageTest -->
      <class name="com.jbk.TestCases.AddUserPageTest">
        <test-method status="PASS" signature="addUserPageSetup()[pri:0, instance:com.jbk.TestCases.AddUserPageTest@4439f31e]" name="addUserPageSetup" is-config="true" duration-ms="28182" started-at="2018-10-18T17:12:07Z" finished-at="2018-10-18T17:12:36Z">
          <reporter-output>
          </reporter-output>
        </test-method> <!-- addUserPageSetup -->
        <test-method status="PASS" signature="verifyAddUserPageTitle()[pri:1, instance:com.jbk.TestCases.AddUserPageTest@4439f31e]" name="verifyAddUserPageTitle" duration-ms="16" started-at="2018-10-18T17:12:36Z" description="Validate Add User Page Title" finished-at="2018-10-18T17:12:36Z">
          <reporter-output>
          </reporter-output>
        </test-method> <!-- verifyAddUserPageTitle -->
        <test-method status="PASS" signature="shutDown()[pri:0, instance:com.jbk.TestCases.AddUserPageTest@4439f31e]" name="shutDown" is-config="true" duration-ms="1104" started-at="2018-10-18T17:12:36Z" finished-at="2018-10-18T17:12:37Z">
          <reporter-output>
          </reporter-output>
        </test-method> <!-- shutDown -->
        <test-method status="PASS" signature="addUserPageSetup()[pri:0, instance:com.jbk.TestCases.AddUserPageTest@4439f31e]" name="addUserPageSetup" is-config="true" duration-ms="11653" started-at="2018-10-18T17:13:28Z" finished-at="2018-10-18T17:13:40Z">
          <reporter-output>
          </reporter-output>
        </test-method> <!-- addUserPageSetup -->
        <test-method status="FAIL" signature="verifyAddUserPageLabel()[pri:2, instance:com.jbk.TestCases.AddUserPageTest@4439f31e]" name="verifyAddUserPageLabel" duration-ms="158" started-at="2018-10-18T17:13:40Z" description="Validate Add User Page Label" finished-at="2018-10-18T17:13:40Z">
          <exception class="java.lang.AssertionError">
            <message>
              <![CDATA[expected [Add User] but found [Add Userv]]]>
            </message>
            <full-stacktrace>
              <![CDATA[java.lang.AssertionError: expected [Add User] but found [Add Userv]
	at org.testng.Assert.fail(Assert.java:94)
	at org.testng.Assert.failNotEquals(Assert.java:513)
	at org.testng.Assert.assertEqualsImpl(Assert.java:135)
	at org.testng.Assert.assertEquals(Assert.java:116)
	at org.testng.Assert.assertEquals(Assert.java:190)
	at org.testng.Assert.assertEquals(Assert.java:200)
	at com.jbk.TestCases.AddUserPageTest.verifyAddUserPageLabel(AddUserPageTest.java:53)
	at sun.reflect.NativeMethodAccessorImpl.invoke0(Native Method)
	at sun.reflect.NativeMethodAccessorImpl.invoke(NativeMethodAccessorImpl.java:62)
	at sun.reflect.DelegatingMethodAccessorImpl.invoke(DelegatingMethodAccessorImpl.java:43)
	at java.lang.reflect.Method.invoke(Method.java:498)
	at org.testng.internal.MethodInvocationHelper.invokeMethod(MethodInvocationHelper.java:104)
	at org.testng.internal.Invoker.invokeMethod(Invoker.java:645)
	at org.testng.internal.Invoker.invokeTestMethod(Invoker.java:851)
	at org.testng.internal.Invoker.invokeTestMethods(Invoker.java:1177)
	at org.testng.internal.TestMethodWorker.invokeTestMethods(TestMethodWorker.java:129)
	at org.testng.internal.TestMethodWorker.run(TestMethodWorker.java:112)
	at org.testng.TestRunner.privateRun(TestRunner.java:756)
	at org.testng.TestRunner.run(TestRunner.java:610)
	at org.testng.SuiteRunner.runTest(SuiteRunner.java:387)
	at org.testng.SuiteRunner.runSequentially(SuiteRunner.java:382)
	at org.testng.SuiteRunner.privateRun(SuiteRunner.java:340)
	at org.testng.SuiteRunner.run(SuiteRunner.java:289)
	at org.testng.SuiteRunnerWorker.runSuite(SuiteRunnerWorker.java:52)
	at org.testng.SuiteRunnerWorker.run(SuiteRunnerWorker.java:86)
	at org.testng.TestNG.runSuitesSequentially(TestNG.java:1293)
	at org.testng.TestNG.runSuitesLocally(TestNG.java:1218)
	at org.testng.TestNG.runSuites(TestNG.java:1133)
	at org.testng.TestNG.run(TestNG.java:1104)
	at org.apache.maven.surefire.testng.TestNGExecutor.run(TestNGExecutor.java:77)
	at org.apache.maven.surefire.testng.TestNGDirectoryTestSuite.executeMulti(TestNGDirectoryTestSuite.java:159)
	at org.apache.maven.surefire.testng.TestNGDirectoryTestSuite.execute(TestNGDirectoryTestSuite.java:99)
	at org.apache.maven.surefire.testng.TestNGProvider.invoke(TestNGProvider.java:106)
	at sun.reflect.NativeMethodAccessorImpl.invoke0(Native Method)
	at sun.reflect.NativeMethodAccessorImpl.invoke(NativeMethodAccessorImpl.java:62)
	at sun.reflect.DelegatingMethodAccessorImpl.invoke(DelegatingMethodAccessorImpl.java:43)
	at java.lang.reflect.Method.invoke(Method.java:498)
	at org.apache.maven.surefire.util.ReflectionUtils.invokeMethodWithArray(ReflectionUtils.java:189)
	at org.apache.maven.surefire.booter.ProviderFactory$ProviderProxy.invoke(ProviderFactory.java:165)
	at org.apache.maven.surefire.booter.ProviderFactory.invokeProvider(ProviderFactory.java:85)
	at org.apache.maven.surefire.booter.ForkedBooter.runSuitesInProcess(ForkedBooter.java:115)
	at org.apache.maven.surefire.booter.ForkedBooter.main(ForkedBooter.java:75)
]]>
            </full-stacktrace>
          </exception> <!-- java.lang.AssertionError -->
          <reporter-output>
          </reporter-output>
        </test-method> <!-- verifyAddUserPageLabel -->
        <test-method status="PASS" signature="shutDown()[pri:0, instance:com.jbk.TestCases.AddUserPageTest@4439f31e]" name="shutDown" is-config="true" duration-ms="1849" started-at="2018-10-18T17:13:40Z" finished-at="2018-10-18T17:13:42Z">
          <reporter-output>
          </reporter-output>
        </test-method> <!-- shutDown -->
        <test-method status="PASS" signature="addUserPageSetup()[pri:0, instance:com.jbk.TestCases.AddUserPageTest@4439f31e]" name="addUserPageSetup" is-config="true" duration-ms="19416" started-at="2018-10-18T17:14:55Z" finished-at="2018-10-18T17:15:14Z">
          <reporter-output>
          </reporter-output>
        </test-method> <!-- addUserPageSetup -->
        <test-method status="PASS" signature="verifyAddUserPageFormLables()[pri:3, instance:com.jbk.TestCases.AddUserPageTest@4439f31e]" name="verifyAddUserPageFormLables" duration-ms="585" started-at="2018-10-18T17:15:14Z" description="Validate Add User Form Labels" finished-at="2018-10-18T17:15:15Z">
          <reporter-output>
          </reporter-output>
        </test-method> <!-- verifyAddUserPageFormLables -->
        <test-method status="PASS" signature="shutDown()[pri:0, instance:com.jbk.TestCases.AddUserPageTest@4439f31e]" name="shutDown" is-config="true" duration-ms="865" started-at="2018-10-18T17:15:15Z" finished-at="2018-10-18T17:15:16Z">
          <reporter-output>
          </reporter-output>
        </test-method> <!-- shutDown -->
        <test-method status="PASS" signature="addUserPageSetup()[pri:0, instance:com.jbk.TestCases.AddUserPageTest@4439f31e]" name="addUserPageSetup" is-config="true" duration-ms="11755" started-at="2018-10-18T17:16:07Z" finished-at="2018-10-18T17:16:19Z">
          <reporter-output>
          </reporter-output>
        </test-method> <!-- addUserPageSetup -->
        <test-method status="FAIL" signature="verifyAddUserForm(java.lang.String, java.lang.String, java.lang.String, java.lang.String, java.lang.String, java.lang.String)[pri:4, instance:com.jbk.TestCases.AddUserPageTest@4439f31e]" name="verifyAddUserForm" duration-ms="11029" started-at="2018-10-18T17:16:19Z" description="Validate Add User Form" data-provider="userData" finished-at="2018-10-18T17:16:30Z">
          <params>
            <param index="0">
              <value>
                <![CDATA[Username]]>
              </value>
            </param>
            <param index="1">
              <value>
                <![CDATA[Mobile]]>
              </value>
            </param>
            <param index="2">
              <value>
                <![CDATA[Email]]>
              </value>
            </param>
            <param index="3">
              <value>
                <![CDATA[Gender]]>
              </value>
            </param>
            <param index="4">
              <value>
                <![CDATA[State]]>
              </value>
            </param>
            <param index="5">
              <value>
                <![CDATA[Password]]>
              </value>
            </param>
          </params>
          <exception class="org.openqa.selenium.NoSuchElementException">
            <message>
              <![CDATA[Cannot locate element with text: State
For documentation on this error, please visit: http://seleniumhq.org/exceptions/no_such_element.html
Build info: version: '3.8.0', revision: '924c4067df', time: '2017-11-30T11:20:39.408Z'
System info: host: 'DESKTOP-E4PH7S5', ip: '192.168.0.115', os.name: 'Windows 10', os.arch: 'amd64', os.version: '10.0', java.version: '1.8.0_144'
Driver info: driver.version: unknown]]>
            </message>
            <full-stacktrace>
              <![CDATA[org.openqa.selenium.NoSuchElementException: Cannot locate element with text: State
For documentation on this error, please visit: http://seleniumhq.org/exceptions/no_such_element.html
Build info: version: '3.8.0', revision: '924c4067df', time: '2017-11-30T11:20:39.408Z'
System info: host: 'DESKTOP-E4PH7S5', ip: '192.168.0.115', os.name: 'Windows 10', os.arch: 'amd64', os.version: '10.0', java.version: '1.8.0_144'
Driver info: driver.version: unknown
	at org.openqa.selenium.support.ui.Select.selectByVisibleText(Select.java:151)
	at com.jbk.Pages.AddUserPage.addNewUserTest(AddUserPage.java:106)
	at com.jbk.TestCases.AddUserPageTest.verifyAddUserForm(AddUserPageTest.java:77)
	at sun.reflect.NativeMethodAccessorImpl.invoke0(Native Method)
	at sun.reflect.NativeMethodAccessorImpl.invoke(NativeMethodAccessorImpl.java:62)
	at sun.reflect.DelegatingMethodAccessorImpl.invoke(DelegatingMethodAccessorImpl.java:43)
	at java.lang.reflect.Method.invoke(Method.java:498)
	at org.testng.internal.MethodInvocationHelper.invokeMethod(MethodInvocationHelper.java:104)
	at org.testng.internal.Invoker.invokeMethod(Invoker.java:645)
	at org.testng.internal.Invoker.invokeTestMethod(Invoker.java:851)
	at org.testng.internal.Invoker.invokeTestMethods(Invoker.java:1177)
	at org.testng.internal.TestMethodWorker.invokeTestMethods(TestMethodWorker.java:129)
	at org.testng.internal.TestMethodWorker.run(TestMethodWorker.java:112)
	at org.testng.TestRunner.privateRun(TestRunner.java:756)
	at org.testng.TestRunner.run(TestRunner.java:610)
	at org.testng.SuiteRunner.runTest(SuiteRunner.java:387)
	at org.testng.SuiteRunner.runSequentially(SuiteRunner.java:382)
	at org.testng.SuiteRunner.privateRun(SuiteRunner.java:340)
	at org.testng.SuiteRunner.run(SuiteRunner.java:289)
	at org.testng.SuiteRunnerWorker.runSuite(SuiteRunnerWorker.java:52)
	at org.testng.SuiteRunnerWorker.run(SuiteRunnerWorker.java:86)
	at org.testng.TestNG.runSuitesSequentially(TestNG.java:1293)
	at org.testng.TestNG.runSuitesLocally(TestNG.java:1218)
	at org.testng.TestNG.runSuites(TestNG.java:1133)
	at org.testng.TestNG.run(TestNG.java:1104)
	at org.apache.maven.surefire.testng.TestNGExecutor.run(TestNGExecutor.java:77)
	at org.apache.maven.surefire.testng.TestNGDirectoryTestSuite.executeMulti(TestNGDirectoryTestSuite.java:159)
	at org.apache.maven.surefire.testng.TestNGDirectoryTestSuite.execute(TestNGDirectoryTestSuite.java:99)
	at org.apache.maven.surefire.testng.TestNGProvider.invoke(TestNGProvider.java:106)
	at sun.reflect.NativeMethodAccessorImpl.invoke0(Native Method)
	at sun.reflect.NativeMethodAccessorImpl.invoke(NativeMethodAccessorImpl.java:62)
	at sun.reflect.DelegatingMethodAccessorImpl.invoke(DelegatingMethodAccessorImpl.java:43)
	at java.lang.reflect.Method.invoke(Method.java:498)
	at org.apache.maven.surefire.util.ReflectionUtils.invokeMethodWithArray(ReflectionUtils.java:189)
	at org.apache.maven.surefire.booter.ProviderFactory$ProviderProxy.invoke(ProviderFactory.java:165)
	at org.apache.maven.surefire.booter.ProviderFactory.invokeProvider(ProviderFactory.java:85)
	at org.apache.maven.surefire.booter.ForkedBooter.runSuitesInProcess(ForkedBooter.java:115)
	at org.apache.maven.surefire.booter.ForkedBooter.main(ForkedBooter.java:75)
]]>
            </full-stacktrace>
          </exception> <!-- org.openqa.selenium.NoSuchElementException -->
          <reporter-output>
          </reporter-output>
        </test-method> <!-- verifyAddUserForm -->
        <test-method status="PASS" signature="shutDown()[pri:0, instance:com.jbk.TestCases.AddUserPageTest@4439f31e]" name="shutDown" is-config="true" duration-ms="1501" started-at="2018-10-18T17:16:30Z" finished-at="2018-10-18T17:16:31Z">
          <reporter-output>
          </reporter-output>
        </test-method> <!-- shutDown -->
        <test-method status="PASS" signature="addUserPageSetup()[pri:0, instance:com.jbk.TestCases.AddUserPageTest@4439f31e]" name="addUserPageSetup" is-config="true" duration-ms="12463" started-at="2018-10-18T17:16:31Z" finished-at="2018-10-18T17:16:44Z">
          <reporter-output>
          </reporter-output>
        </test-method> <!-- addUserPageSetup -->
        <test-method status="PASS" signature="verifyAddUserForm(java.lang.String, java.lang.String, java.lang.String, java.lang.String, java.lang.String, java.lang.String)[pri:4, instance:com.jbk.TestCases.AddUserPageTest@4439f31e]" name="verifyAddUserForm" duration-ms="1902" started-at="2018-10-18T17:16:44Z" description="Validate Add User Form" data-provider="userData" finished-at="2018-10-18T17:16:46Z">
          <params>
            <param index="0">
              <value>
                <![CDATA[Rajesh]]>
              </value>
            </param>
            <param index="1">
              <value>
                <![CDATA[9975742251]]>
              </value>
            </param>
            <param index="2">
              <value>
                <![CDATA[rajesh@gmail.com]]>
              </value>
            </param>
            <param index="3">
              <value>
                <![CDATA[Male]]>
              </value>
            </param>
            <param index="4">
              <value>
                <![CDATA[HP]]>
              </value>
            </param>
            <param index="5">
              <value>
                <![CDATA[rajesh12345]]>
              </value>
            </param>
          </params>
          <reporter-output>
          </reporter-output>
        </test-method> <!-- verifyAddUserForm -->
        <test-method status="PASS" signature="shutDown()[pri:0, instance:com.jbk.TestCases.AddUserPageTest@4439f31e]" name="shutDown" is-config="true" duration-ms="841" started-at="2018-10-18T17:16:46Z" finished-at="2018-10-18T17:16:46Z">
          <reporter-output>
          </reporter-output>
        </test-method> <!-- shutDown -->
        <test-method status="PASS" signature="addUserPageSetup()[pri:0, instance:com.jbk.TestCases.AddUserPageTest@4439f31e]" name="addUserPageSetup" is-config="true" duration-ms="11672" started-at="2018-10-18T17:16:46Z" finished-at="2018-10-18T17:16:58Z">
          <reporter-output>
          </reporter-output>
        </test-method> <!-- addUserPageSetup -->
        <test-method status="PASS" signature="verifyAddUserForm(java.lang.String, java.lang.String, java.lang.String, java.lang.String, java.lang.String, java.lang.String)[pri:4, instance:com.jbk.TestCases.AddUserPageTest@4439f31e]" name="verifyAddUserForm" duration-ms="1715" started-at="2018-10-18T17:16:58Z" description="Validate Add User Form" data-provider="userData" finished-at="2018-10-18T17:17:00Z">
          <params>
            <param index="0">
              <value>
                <![CDATA[John]]>
              </value>
            </param>
            <param index="1">
              <value>
                <![CDATA[8799444477]]>
              </value>
            </param>
            <param index="2">
              <value>
                <![CDATA[john@gmail.com]]>
              </value>
            </param>
            <param index="3">
              <value>
                <![CDATA[Male]]>
              </value>
            </param>
            <param index="4">
              <value>
                <![CDATA[Maharashtra]]>
              </value>
            </param>
            <param index="5">
              <value>
                <![CDATA[john456]]>
              </value>
            </param>
          </params>
          <reporter-output>
          </reporter-output>
        </test-method> <!-- verifyAddUserForm -->
        <test-method status="PASS" signature="shutDown()[pri:0, instance:com.jbk.TestCases.AddUserPageTest@4439f31e]" name="shutDown" is-config="true" duration-ms="856" started-at="2018-10-18T17:17:00Z" finished-at="2018-10-18T17:17:01Z">
          <reporter-output>
          </reporter-output>
        </test-method> <!-- shutDown -->
      </class> <!-- com.jbk.TestCases.AddUserPageTest -->
      <class name="com.jbk.TestCases.UserPageTest">
        <test-method status="PASS" signature="userPageSetup()[pri:0, instance:com.jbk.TestCases.UserPageTest@56f4468b]" name="userPageSetup" is-config="true" duration-ms="12523" started-at="2018-10-18T17:13:15Z" finished-at="2018-10-18T17:13:27Z">
          <reporter-output>
          </reporter-output>
        </test-method> <!-- userPageSetup -->
        <test-method status="PASS" signature="verifyUserPageTitle()[pri:1, instance:com.jbk.TestCases.UserPageTest@56f4468b]" name="verifyUserPageTitle" duration-ms="17" started-at="2018-10-18T17:13:27Z" description="Validate User Page Title" finished-at="2018-10-18T17:13:27Z">
          <reporter-output>
          </reporter-output>
        </test-method> <!-- verifyUserPageTitle -->
        <test-method status="PASS" signature="shutDown()[pri:0, instance:com.jbk.TestCases.UserPageTest@56f4468b]" name="shutDown" is-config="true" duration-ms="859" started-at="2018-10-18T17:13:27Z" finished-at="2018-10-18T17:13:28Z">
          <reporter-output>
          </reporter-output>
        </test-method> <!-- shutDown -->
        <test-method status="PASS" signature="userPageSetup()[pri:0, instance:com.jbk.TestCases.UserPageTest@56f4468b]" name="userPageSetup" is-config="true" duration-ms="17928" started-at="2018-10-18T17:14:34Z" finished-at="2018-10-18T17:14:52Z">
          <reporter-output>
          </reporter-output>
        </test-method> <!-- userPageSetup -->
        <test-method status="PASS" signature="verifyUserPageLabel()[pri:2, instance:com.jbk.TestCases.UserPageTest@56f4468b]" name="verifyUserPageLabel" duration-ms="170" started-at="2018-10-18T17:14:52Z" description="Validate User Page Label" finished-at="2018-10-18T17:14:52Z">
          <reporter-output>
          </reporter-output>
        </test-method> <!-- verifyUserPageLabel -->
        <test-method status="PASS" signature="shutDown()[pri:0, instance:com.jbk.TestCases.UserPageTest@56f4468b]" name="shutDown" is-config="true" duration-ms="2197" started-at="2018-10-18T17:14:52Z" finished-at="2018-10-18T17:14:55Z">
          <reporter-output>
          </reporter-output>
        </test-method> <!-- shutDown -->
        <test-method status="PASS" signature="userPageSetup()[pri:0, instance:com.jbk.TestCases.UserPageTest@56f4468b]" name="userPageSetup" is-config="true" duration-ms="14309" started-at="2018-10-18T17:15:49Z" finished-at="2018-10-18T17:16:04Z">
          <reporter-output>
          </reporter-output>
        </test-method> <!-- userPageSetup -->
        <test-method status="PASS" signature="verifyLoginPageBtn()[pri:3, instance:com.jbk.TestCases.UserPageTest@56f4468b]" name="verifyLoginPageBtn" duration-ms="863" started-at="2018-10-18T17:16:04Z" description="Validate Add User Page Button" finished-at="2018-10-18T17:16:04Z">
          <reporter-output>
          </reporter-output>
        </test-method> <!-- verifyLoginPageBtn -->
        <test-method status="PASS" signature="shutDown()[pri:0, instance:com.jbk.TestCases.UserPageTest@56f4468b]" name="shutDown" is-config="true" duration-ms="928" started-at="2018-10-18T17:16:04Z" finished-at="2018-10-18T17:16:05Z">
          <reporter-output>
          </reporter-output>
        </test-method> <!-- shutDown -->
      </class> <!-- com.jbk.TestCases.UserPageTest -->
      <class name="com.jbk.TestCases.OperatorPageTest">
        <test-method status="PASS" signature="operatorPageSetup()[pri:0, instance:com.jbk.TestCases.OperatorPageTest@5d5eef3d]" name="operatorPageSetup" is-config="true" duration-ms="12621" started-at="2018-10-18T17:13:01Z" finished-at="2018-10-18T17:13:14Z">
          <reporter-output>
          </reporter-output>
        </test-method> <!-- operatorPageSetup -->
        <test-method status="PASS" signature="verifyOperatorPageTitle()[pri:1, instance:com.jbk.TestCases.OperatorPageTest@5d5eef3d]" name="verifyOperatorPageTitle" duration-ms="22" started-at="2018-10-18T17:13:14Z" description="Validate Operator Page Title" finished-at="2018-10-18T17:13:14Z">
          <reporter-output>
          </reporter-output>
        </test-method> <!-- verifyOperatorPageTitle -->
        <test-method status="PASS" signature="shutDown()[pri:0, instance:com.jbk.TestCases.OperatorPageTest@5d5eef3d]" name="shutDown" is-config="true" duration-ms="846" started-at="2018-10-18T17:13:14Z" finished-at="2018-10-18T17:13:15Z">
          <reporter-output>
          </reporter-output>
        </test-method> <!-- shutDown -->
        <test-method status="PASS" signature="operatorPageSetup()[pri:0, instance:com.jbk.TestCases.OperatorPageTest@5d5eef3d]" name="operatorPageSetup" is-config="true" duration-ms="29047" started-at="2018-10-18T17:14:04Z" finished-at="2018-10-18T17:14:33Z">
          <reporter-output>
          </reporter-output>
        </test-method> <!-- operatorPageSetup -->
        <test-method status="PASS" signature="verifyOperatorPageLabel()[pri:2, instance:com.jbk.TestCases.OperatorPageTest@5d5eef3d]" name="verifyOperatorPageLabel" duration-ms="88" started-at="2018-10-18T17:14:33Z" description="Validate Operator Page Label" finished-at="2018-10-18T17:14:34Z">
          <reporter-output>
          </reporter-output>
        </test-method> <!-- verifyOperatorPageLabel -->
        <test-method status="PASS" signature="shutDown()[pri:0, instance:com.jbk.TestCases.OperatorPageTest@5d5eef3d]" name="shutDown" is-config="true" duration-ms="885" started-at="2018-10-18T17:14:34Z" finished-at="2018-10-18T17:14:34Z">
          <reporter-output>
          </reporter-output>
        </test-method> <!-- shutDown -->
        <test-method status="PASS" signature="operatorPageSetup()[pri:0, instance:com.jbk.TestCases.OperatorPageTest@5d5eef3d]" name="operatorPageSetup" is-config="true" duration-ms="12568" started-at="2018-10-18T17:15:36Z" finished-at="2018-10-18T17:15:48Z">
          <reporter-output>
          </reporter-output>
        </test-method> <!-- operatorPageSetup -->
        <test-method status="PASS" signature="verifyOperatorPageTableLabel()[pri:3, instance:com.jbk.TestCases.OperatorPageTest@5d5eef3d]" name="verifyOperatorPageTableLabel" duration-ms="92" started-at="2018-10-18T17:15:48Z" description="Validate Operator Page Table Label" finished-at="2018-10-18T17:15:48Z">
          <reporter-output>
          </reporter-output>
        </test-method> <!-- verifyOperatorPageTableLabel -->
        <test-method status="PASS" signature="shutDown()[pri:0, instance:com.jbk.TestCases.OperatorPageTest@5d5eef3d]" name="shutDown" is-config="true" duration-ms="853" started-at="2018-10-18T17:15:48Z" finished-at="2018-10-18T17:15:49Z">
          <reporter-output>
          </reporter-output>
        </test-method> <!-- shutDown -->
        <test-method status="PASS" signature="operatorPageSetup()[pri:0, instance:com.jbk.TestCases.OperatorPageTest@5d5eef3d]" name="operatorPageSetup" is-config="true" duration-ms="15177" started-at="2018-10-18T17:17:01Z" finished-at="2018-10-18T17:17:16Z">
          <reporter-output>
          </reporter-output>
        </test-method> <!-- operatorPageSetup -->
        <test-method status="FAIL" signature="verifyOperatorTableHeading()[pri:4, instance:com.jbk.TestCases.OperatorPageTest@5d5eef3d]" name="verifyOperatorTableHeading" duration-ms="199" started-at="2018-10-18T17:17:16Z" description="Validate Operator Page Table Headings" finished-at="2018-10-18T17:17:16Z">
          <exception class="java.lang.AssertionError">
            <message>
              <![CDATA[expected [Operator] but found [Reason]]]>
            </message>
            <full-stacktrace>
              <![CDATA[java.lang.AssertionError: expected [Operator] but found [Reason]
	at org.testng.Assert.fail(Assert.java:94)
	at org.testng.Assert.failNotEquals(Assert.java:513)
	at org.testng.Assert.assertEqualsImpl(Assert.java:135)
	at org.testng.Assert.assertEquals(Assert.java:116)
	at org.testng.Assert.assertEquals(Assert.java:190)
	at org.testng.Assert.assertEquals(Assert.java:200)
	at com.jbk.TestCases.OperatorPageTest.verifyOperatorTableHeading(OperatorPageTest.java:60)
	at sun.reflect.NativeMethodAccessorImpl.invoke0(Native Method)
	at sun.reflect.NativeMethodAccessorImpl.invoke(NativeMethodAccessorImpl.java:62)
	at sun.reflect.DelegatingMethodAccessorImpl.invoke(DelegatingMethodAccessorImpl.java:43)
	at java.lang.reflect.Method.invoke(Method.java:498)
	at org.testng.internal.MethodInvocationHelper.invokeMethod(MethodInvocationHelper.java:104)
	at org.testng.internal.Invoker.invokeMethod(Invoker.java:645)
	at org.testng.internal.Invoker.invokeTestMethod(Invoker.java:851)
	at org.testng.internal.Invoker.invokeTestMethods(Invoker.java:1177)
	at org.testng.internal.TestMethodWorker.invokeTestMethods(TestMethodWorker.java:129)
	at org.testng.internal.TestMethodWorker.run(TestMethodWorker.java:112)
	at org.testng.TestRunner.privateRun(TestRunner.java:756)
	at org.testng.TestRunner.run(TestRunner.java:610)
	at org.testng.SuiteRunner.runTest(SuiteRunner.java:387)
	at org.testng.SuiteRunner.runSequentially(SuiteRunner.java:382)
	at org.testng.SuiteRunner.privateRun(SuiteRunner.java:340)
	at org.testng.SuiteRunner.run(SuiteRunner.java:289)
	at org.testng.SuiteRunnerWorker.runSuite(SuiteRunnerWorker.java:52)
	at org.testng.SuiteRunnerWorker.run(SuiteRunnerWorker.java:86)
	at org.testng.TestNG.runSuitesSequentially(TestNG.java:1293)
	at org.testng.TestNG.runSuitesLocally(TestNG.java:1218)
	at org.testng.TestNG.runSuites(TestNG.java:1133)
	at org.testng.TestNG.run(TestNG.java:1104)
	at org.apache.maven.surefire.testng.TestNGExecutor.run(TestNGExecutor.java:77)
	at org.apache.maven.surefire.testng.TestNGDirectoryTestSuite.executeMulti(TestNGDirectoryTestSuite.java:159)
	at org.apache.maven.surefire.testng.TestNGDirectoryTestSuite.execute(TestNGDirectoryTestSuite.java:99)
	at org.apache.maven.surefire.testng.TestNGProvider.invoke(TestNGProvider.java:106)
	at sun.reflect.NativeMethodAccessorImpl.invoke0(Native Method)
	at sun.reflect.NativeMethodAccessorImpl.invoke(NativeMethodAccessorImpl.java:62)
	at sun.reflect.DelegatingMethodAccessorImpl.invoke(DelegatingMethodAccessorImpl.java:43)
	at java.lang.reflect.Method.invoke(Method.java:498)
	at org.apache.maven.surefire.util.ReflectionUtils.invokeMethodWithArray(ReflectionUtils.java:189)
	at org.apache.maven.surefire.booter.ProviderFactory$ProviderProxy.invoke(ProviderFactory.java:165)
	at org.apache.maven.surefire.booter.ProviderFactory.invokeProvider(ProviderFactory.java:85)
	at org.apache.maven.surefire.booter.ForkedBooter.runSuitesInProcess(ForkedBooter.java:115)
	at org.apache.maven.surefire.booter.ForkedBooter.main(ForkedBooter.java:75)
]]>
            </full-stacktrace>
          </exception> <!-- java.lang.AssertionError -->
          <reporter-output>
          </reporter-output>
        </test-method> <!-- verifyOperatorTableHeading -->
        <test-method status="PASS" signature="shutDown()[pri:0, instance:com.jbk.TestCases.OperatorPageTest@5d5eef3d]" name="shutDown" is-config="true" duration-ms="964" started-at="2018-10-18T17:17:16Z" finished-at="2018-10-18T17:17:17Z">
          <reporter-output>
          </reporter-output>
        </test-method> <!-- shutDown -->
      </class> <!-- com.jbk.TestCases.OperatorPageTest -->
      <class name="com.jbk.TestCases.DashboardPageTest">
        <test-method status="PASS" signature="dashboardPageSetup()[pri:0, instance:com.jbk.TestCases.DashboardPageTest@5dfcfece]" name="dashboardPageSetup" is-config="true" duration-ms="11782" started-at="2018-10-18T17:12:37Z" finished-at="2018-10-18T17:12:49Z">
          <reporter-output>
          </reporter-output>
        </test-method> <!-- dashboardPageSetup -->
        <test-method status="PASS" signature="verifyDashboardPageTitle()[pri:1, instance:com.jbk.TestCases.DashboardPageTest@5dfcfece]" name="verifyDashboardPageTitle" duration-ms="26" started-at="2018-10-18T17:12:49Z" description="Validate Dashboard Page Title" finished-at="2018-10-18T17:12:49Z">
          <reporter-output>
          </reporter-output>
        </test-method> <!-- verifyDashboardPageTitle -->
        <test-method status="PASS" signature="shutDown()[pri:0, instance:com.jbk.TestCases.DashboardPageTest@5dfcfece]" name="shutDown" is-config="true" duration-ms="1007" started-at="2018-10-18T17:12:49Z" finished-at="2018-10-18T17:12:50Z">
          <reporter-output>
          </reporter-output>
        </test-method> <!-- shutDown -->
        <test-method status="PASS" signature="dashboardPageSetup()[pri:0, instance:com.jbk.TestCases.DashboardPageTest@5dfcfece]" name="dashboardPageSetup" is-config="true" duration-ms="11919" started-at="2018-10-18T17:13:42Z" finished-at="2018-10-18T17:13:54Z">
          <reporter-output>
          </reporter-output>
        </test-method> <!-- dashboardPageSetup -->
        <test-method status="PASS" signature="verifyDashboardPageLabel()[pri:2, instance:com.jbk.TestCases.DashboardPageTest@5dfcfece]" name="verifyDashboardPageLabel" duration-ms="82" started-at="2018-10-18T17:13:54Z" description="Validate Dashboard Page Label" finished-at="2018-10-18T17:13:54Z">
          <reporter-output>
          </reporter-output>
        </test-method> <!-- verifyDashboardPageLabel -->
        <test-method status="PASS" signature="shutDown()[pri:0, instance:com.jbk.TestCases.DashboardPageTest@5dfcfece]" name="shutDown" is-config="true" duration-ms="853" started-at="2018-10-18T17:13:54Z" finished-at="2018-10-18T17:13:55Z">
          <reporter-output>
          </reporter-output>
        </test-method> <!-- shutDown -->
        <test-method status="PASS" signature="dashboardPageSetup()[pri:0, instance:com.jbk.TestCases.DashboardPageTest@5dfcfece]" name="dashboardPageSetup" is-config="true" duration-ms="11869" started-at="2018-10-18T17:15:16Z" finished-at="2018-10-18T17:15:27Z">
          <reporter-output>
          </reporter-output>
        </test-method> <!-- dashboardPageSetup -->
        <test-method status="PASS" signature="verifyLoggedUser()[pri:3, instance:com.jbk.TestCases.DashboardPageTest@5dfcfece]" name="verifyLoggedUser" duration-ms="77" started-at="2018-10-18T17:15:27Z" description="Validate Logged User" finished-at="2018-10-18T17:15:27Z">
          <reporter-output>
          </reporter-output>
        </test-method> <!-- verifyLoggedUser -->
        <test-method status="PASS" signature="shutDown()[pri:0, instance:com.jbk.TestCases.DashboardPageTest@5dfcfece]" name="shutDown" is-config="true" duration-ms="886" started-at="2018-10-18T17:15:27Z" finished-at="2018-10-18T17:15:28Z">
          <reporter-output>
          </reporter-output>
        </test-method> <!-- shutDown -->
        <test-method status="PASS" signature="dashboardPageSetup()[pri:0, instance:com.jbk.TestCases.DashboardPageTest@5dfcfece]" name="dashboardPageSetup" is-config="true" duration-ms="13972" started-at="2018-10-18T17:17:17Z" finished-at="2018-10-18T17:17:31Z">
          <reporter-output>
          </reporter-output>
        </test-method> <!-- dashboardPageSetup -->
        <test-method status="PASS" signature="verifyUserLink()[pri:4, instance:com.jbk.TestCases.DashboardPageTest@5dfcfece]" name="verifyUserLink" duration-ms="684" started-at="2018-10-18T17:17:31Z" description="Validate user link" finished-at="2018-10-18T17:17:32Z">
          <reporter-output>
          </reporter-output>
        </test-method> <!-- verifyUserLink -->
        <test-method status="PASS" signature="shutDown()[pri:0, instance:com.jbk.TestCases.DashboardPageTest@5dfcfece]" name="shutDown" is-config="true" duration-ms="900" started-at="2018-10-18T17:17:32Z" finished-at="2018-10-18T17:17:33Z">
          <reporter-output>
          </reporter-output>
        </test-method> <!-- shutDown -->
        <test-method status="PASS" signature="dashboardPageSetup()[pri:0, instance:com.jbk.TestCases.DashboardPageTest@5dfcfece]" name="dashboardPageSetup" is-config="true" duration-ms="11290" started-at="2018-10-18T17:17:33Z" finished-at="2018-10-18T17:17:44Z">
          <reporter-output>
          </reporter-output>
        </test-method> <!-- dashboardPageSetup -->
        <test-method status="PASS" signature="verifyLogoutLink()[pri:5, instance:com.jbk.TestCases.DashboardPageTest@5dfcfece]" name="verifyLogoutLink" duration-ms="436" started-at="2018-10-18T17:17:44Z" description="Validate operator link" finished-at="2018-10-18T17:17:44Z">
          <reporter-output>
          </reporter-output>
        </test-method> <!-- verifyLogoutLink -->
        <test-method status="PASS" signature="shutDown()[pri:0, instance:com.jbk.TestCases.DashboardPageTest@5dfcfece]" name="shutDown" is-config="true" duration-ms="1120" started-at="2018-10-18T17:17:44Z" finished-at="2018-10-18T17:17:45Z">
          <reporter-output>
          </reporter-output>
        </test-method> <!-- shutDown -->
      </class> <!-- com.jbk.TestCases.DashboardPageTest -->
    </test> <!-- Command line test -->
  </suite> <!-- Command line suite -->
</testng-results>
